<?xml version="1.0" encoding="UTF-8"?>
<!-- Generated by org.testng.reporters.JUnitReportReporter -->
<testsuite hostname="DESKTOP-0I8CQ0P" failures="0" tests="1" name="pageobject.Logintestcase" time="13.460" errors="0" timestamp="2021-12-21T15:40:19 IST" skipped="0">
  <testcase classname="pageobject.Logintestcase" name="loginda" time="13.460"/>
  <system-out/>
</testsuite> <!-- pageobject.Logintestcase -->
