<?xml version="1.0" encoding="UTF-8"?>
<!-- Generated by org.testng.reporters.JUnitReportReporter -->
<testsuite hostname="DESKTOP-0I8CQ0P" failures="0" tests="1" name="Pageobjectwithoutannotation.Loginwithoutfindby" time="31.969" errors="0" timestamp="2021-12-23T19:24:50 IST" skipped="0">
  <testcase classname="Pageobjectwithoutannotation.Loginwithoutfindby" name="login" time="31.969"/>
  <system-out/>
</testsuite> <!-- Pageobjectwithoutannotation.Loginwithoutfindby -->
